[2019-10-18 13:11:14.684] [sharedprocess] [info] main {"machineId":"d223949d53805b9dd2c46ca3d5dca1731195500dbc0a4226ed6e2b059ec65630"}
[2019-10-18 13:11:54.681] [sharedprocess] [info] Starting to clean up unused language packs.
[2019-10-18 13:47:32.583] [sharedprocess] [info] Installing extension: vscode-icons-team.vscode-icons
[2019-10-18 13:47:39.234] [sharedprocess] [info] Installing extension: tootone.org-mode
[2019-10-18 13:47:46.686] [sharedprocess] [info] Installing extension: zhuangtongfa.material-theme
[2019-10-18 13:47:53.343] [sharedprocess] [info] Downloaded extension: vscode-icons-team.vscode-icons /tmp/7ee3d6cd-06d2-4a7f-a1e3-07c976f131e8
[2019-10-18 13:47:54.418] [sharedprocess] [info] Extracted extension to /home/abcdlsj/.vscode-oss/extensions/.vscode-icons-team.vscode-icons-9.4.0: vscode-icons-team.vscode-icons
[2019-10-18 13:47:54.419] [sharedprocess] [info] Renamed to /home/abcdlsj/.vscode-oss/extensions/vscode-icons-team.vscode-icons-9.4.0
[2019-10-18 13:47:54.420] [sharedprocess] [info] Installation completed. vscode-icons-team.vscode-icons
[2019-10-18 13:47:54.423] [sharedprocess] [info] Extensions installed successfully: vscode-icons-team.vscode-icons
[2019-10-18 13:48:18.460] [sharedprocess] [info] Downloaded extension: zhuangtongfa.material-theme /tmp/ccb6f92c-e162-4c4b-85aa-5435ed0ff613
[2019-10-18 13:48:18.515] [sharedprocess] [info] Extracted extension to /home/abcdlsj/.vscode-oss/extensions/.zhuangtongfa.material-theme-2.28.2: zhuangtongfa.material-theme
[2019-10-18 13:48:18.516] [sharedprocess] [info] Renamed to /home/abcdlsj/.vscode-oss/extensions/zhuangtongfa.material-theme-2.28.2
[2019-10-18 13:48:18.516] [sharedprocess] [info] Installation completed. zhuangtongfa.material-theme
[2019-10-18 13:48:18.520] [sharedprocess] [info] Extensions installed successfully: zhuangtongfa.material-theme
[2019-10-18 13:48:39.448] [sharedprocess] [info] Downloaded extension: tootone.org-mode /tmp/4935b18c-388b-4515-8e2a-20d796e4cd43
[2019-10-18 13:48:40.221] [sharedprocess] [info] Extracted extension to /home/abcdlsj/.vscode-oss/extensions/.tootone.org-mode-0.5.0: tootone.org-mode
[2019-10-18 13:48:40.221] [sharedprocess] [info] Renamed to /home/abcdlsj/.vscode-oss/extensions/tootone.org-mode-0.5.0
[2019-10-18 13:48:40.222] [sharedprocess] [info] Installation completed. tootone.org-mode
[2019-10-18 13:48:40.227] [sharedprocess] [info] Extensions installed successfully: tootone.org-mode
[2019-10-18 13:50:24.281] [sharedprocess] [info] Installing extension: vscodevim.vim
[2019-10-18 13:50:26.936] [sharedprocess] [info] Downloaded extension: vscodevim.vim /tmp/a75e6bab-d7ef-4c69-acbd-cb86c11f6262
[2019-10-18 13:50:27.111] [sharedprocess] [info] Extracted extension to /home/abcdlsj/.vscode-oss/extensions/.vscodevim.vim-1.11.2: vscodevim.vim
[2019-10-18 13:50:27.111] [sharedprocess] [info] Renamed to /home/abcdlsj/.vscode-oss/extensions/vscodevim.vim-1.11.2
[2019-10-18 13:50:27.113] [sharedprocess] [info] Installation completed. vscodevim.vim
[2019-10-18 13:50:27.115] [sharedprocess] [info] Extensions installed successfully: vscodevim.vim
