00:00:00.003025 VirtualBox DHCP Server 6.1.0 r135406 linux.amd64 (Dec 12 2019 21:11:25) release log
00:00:00.003027 Log opened 2020-01-04T07:34:41.345569000Z
00:00:00.003028 Build Type: release
00:00:00.003031 OS Product: Linux
00:00:00.003033 OS Release: 4.19.92-1-lts
00:00:00.003035 OS Version: #1 SMP Tue, 31 Dec 2019 17:20:08 +0000
00:00:00.003059 DMI Product Name: W65KJ1_KK1             
00:00:00.003069 DMI Product Version: Not Applicable                  
00:00:00.003075 Firmware type: UEFI
00:00:00.003828 Secure Boot: Disabled
00:00:00.003878 Host RAM: 15929MB (15.5GB) total, 13145MB (12.8GB) available
00:00:00.003882 Executable: /usr/lib/virtualbox/VBoxNetDHCP
00:00:00.003883 Process ID: 10489
00:00:00.003884 Package type: LINUX_64BITS_GENERIC (OSE)
00:00:00.003908 --config:  NatNetwork
00:00:00.003913 --comment: NatNetwork
00:00:00.004064 IP address:   10.0.2.3/24
00:00:00.004073 Address pool: 10.0.2.4 - 10.0.2.254
00:00:00.004110 MAC address is not specified: will use generated MAC 08:00:27:2d:eb:63
00:00:00.004118 Db::i_enterFixedAddressAssignment: 08:00:27:2d:eb:63: 10.0.2.3
00:00:00.004125 loading leases from /home/abcdlsj/.config/VirtualBox/NatNetwork-Dhcpd.leases
00:00:00.004441 Runtime error opening '/home/abcdlsj/.config/VirtualBox/NatNetwork-Dhcpd.leases' for reading: -102 (File not found.)
00:00:03.392733 REQUEST xid 0x44603344 chaddr 08:00:27:20:8c:34
00:00:03.392769  ciaddr 0.0.0.0
00:00:03.392778  client id: ff e2 34 3f 3e 00 02 00 00 ab 11 d0 41 1d 3d 7c c7 78 2e
00:00:03.392786  requested address 10.0.2.15
00:00:03.392794  params { 1 3 12 15 6 26 33 121 42 }
00:00:03.392829   12: 'lispmachine'
00:00:03.392834   57: 02 40
00:00:03.392840 > allocateAddress 10.0.2.15 to client [ff:e2:34:3f:3e:00:02:00:00:ab:11:d0:41:1d:3d:7c:c7:78:2e] (08:00:27:20:8c:34)
00:00:03.392852 > .... creating new binding for this address 10.0.2.15 free
00:00:03.392858 Lease time 600 secs (default)
00:00:03.392862 writing leases to /home/abcdlsj/.config/VirtualBox/NatNetwork-Dhcpd.leases
00:00:03.394025 >>> requested option 1 (SubnetMask)
00:00:03.394039 ... always supplied
00:00:03.394043 >>> requested option 3 (Routers)
00:00:03.394048 ... found in GlobalConfig (type global)
00:00:03.394053 >>> requested option 12 (HostName)
00:00:03.394057 ... not found
00:00:03.394061 >>> requested option 15 (DomainName)
00:00:03.394065 ... not found
00:00:03.394068 >>> requested option 6 (DNSes)
00:00:03.394072 ... found in GlobalConfig (type global)
00:00:03.394076 >>> requested option 26 (InterfaceMTU)
00:00:03.394080 ... not found
00:00:03.394083 >>> requested option 33 (StaticRoute)
00:00:03.394087 ... not found
00:00:03.394090 >>> requested option 121 (unknown)
00:00:03.394094 ... not found
00:00:03.394097 >>> requested option 42 (NTPServers)
00:00:03.394101 ... not found
00:00:03.394108 encoding option 1 (SubnetMask)
00:00:03.394111 encoding option 3 (Routers)
00:00:03.394115 encoding option 6 (DNSes)
00:00:03.394119 encoding option 51 (LeaseTime)
00:00:03.394124 ACK xid 0x44603344 chaddr 08:00:27:20:8c:34
00:00:03.394137  ciaddr 0.0.0.0 yiaddr 10.0.2.15
00:00:03.394148 encoded message: 548 bytes
00:00:03.394151 00007f0ee0002f70/0000: 02 01 06 00 44 33 60 44-00 00 00 00 00 00 00 00 ....D3`D........
00:00:03.394156 00007f0ee0002f80/0010: 0a 00 02 0f 00 00 00 00-00 00 00 00 08 00 27 20 ..............' 
00:00:03.394159 00007f0ee0002f90/0020: 8c 34 00 00 00 00 00 00-00 00 00 00 00 00 00 00 .4..............
00:00:03.394163 00007f0ee0002fa0/0030: 00 00 00 00 00 00 00 00-00 00 00 00 00 00 00 00 ................
00:00:03.394166 00007f0ee0002fb0/0040: 00 00 00 00 00 00 00 00-00 00 00 00 00 00 00 00 ................
00:00:03.394169 00007f0ee0002fc0/0050: 00 00 00 00 00 00 00 00-00 00 00 00 00 00 00 00 ................
00:00:03.394172 00007f0ee0002fd0/0060: 00 00 00 00 00 00 00 00-00 00 00 00 00 00 00 00 ................
00:00:03.394175 00007f0ee0002fe0/0070: 00 00 00 00 00 00 00 00-00 00 00 00 00 00 00 00 ................
00:00:03.394179 00007f0ee0002ff0/0080: 00 00 00 00 00 00 00 00-00 00 00 00 00 00 00 00 ................
00:00:03.394182 00007f0ee0003000/0090: 00 00 00 00 00 00 00 00-00 00 00 00 00 00 00 00 ................
00:00:03.394185 00007f0ee0003010/00a0: 00 00 00 00 00 00 00 00-00 00 00 00 00 00 00 00 ................
00:00:03.394188 00007f0ee0003020/00b0: 00 00 00 00 00 00 00 00-00 00 00 00 00 00 00 00 ................
00:00:03.394191 00007f0ee0003030/00c0: 00 00 00 00 00 00 00 00-00 00 00 00 00 00 00 00 ................
00:00:03.394195 00007f0ee0003040/00d0: 00 00 00 00 00 00 00 00-00 00 00 00 00 00 00 00 ................
00:00:03.394198 00007f0ee0003050/00e0: 00 00 00 00 00 00 00 00-00 00 00 00 63 82 53 63 ............c.Sc
00:00:03.394201 00007f0ee0003060/00f0: 36 04 0a 00 02 03 35 01-05 01 04 ff ff ff 00 03 6.....5.........
00:00:03.394204 00007f0ee0003070/0100: 04 0a 00 02 01 06 04 c0-a8 2b 17 33 04 00 00 02 .........+.3....
00:00:03.394208 00007f0ee0003080/0110: 58 ff 00 00 00 00 00 00-00 00 00 00 00 00 00 00 X...............
00:00:03.394211 00007f0ee0003090/0120: 00 00 00 00 00 00 00 00-00 00 00 00 00 00 00 00 ................
00:00:03.394214 00007f0ee00030a0/0130: 00 00 00 00 00 00 00 00-00 00 00 00 00 00 00 00 ................
00:00:03.394218 00007f0ee00030b0/0140: 00 00 00 00 00 00 00 00-00 00 00 00 00 00 00 00 ................
00:00:03.394221 00007f0ee00030c0/0150: 00 00 00 00 00 00 00 00-00 00 00 00 00 00 00 00 ................
00:00:03.394224 00007f0ee00030d0/0160: 00 00 00 00 00 00 00 00-00 00 00 00 00 00 00 00 ................
00:00:03.394227 00007f0ee00030e0/0170: 00 00 00 00 00 00 00 00-00 00 00 00 00 00 00 00 ................
00:00:03.394231 00007f0ee00030f0/0180: 00 00 00 00 00 00 00 00-00 00 00 00 00 00 00 00 ................
00:00:03.394234 00007f0ee0003100/0190: 00 00 00 00 00 00 00 00-00 00 00 00 00 00 00 00 ................
00:00:03.394237 00007f0ee0003110/01a0: 00 00 00 00 00 00 00 00-00 00 00 00 00 00 00 00 ................
00:00:03.394240 00007f0ee0003120/01b0: 00 00 00 00 00 00 00 00-00 00 00 00 00 00 00 00 ................
00:00:03.394243 00007f0ee0003130/01c0: 00 00 00 00 00 00 00 00-00 00 00 00 00 00 00 00 ................
00:00:03.394247 00007f0ee0003140/01d0: 00 00 00 00 00 00 00 00-00 00 00 00 00 00 00 00 ................
00:00:03.394250 00007f0ee0003150/01e0: 00 00 00 00 00 00 00 00-00 00 00 00 00 00 00 00 ................
00:00:03.394253 00007f0ee0003160/01f0: 00 00 00 00 00 00 00 00-00 00 00 00 00 00 00 00 ................
00:00:03.394256 00007f0ee0003170/0200: 00 00 00 00 00 00 00 00-00 00 00 00 00 00 00 00 ................
00:00:03.394259 00007f0ee0003180/0210: 00 00 00 00 00 00 00 00-00 00 00 00 00 00 00 00 ................
00:00:03.394263 00007f0ee0003190/0220: 00 00 00 00                                     ....
00:02:06.890350 DISCOVER xid 0xe4eccb99 chaddr 08:00:27:20:8c:34
00:02:06.890388  ciaddr 0.0.0.0
00:02:06.890394  client id: ff e2 34 3f 3e 00 02 00 00 ab 11 d0 41 1d 3d 7c c7 78 2e
00:02:06.890398  params { 1 3 12 15 6 26 33 121 42 }
00:02:06.890417   12: 'lispmachine'
00:02:06.890420   57: 02 40
00:02:06.890423 > allocateAddress to client [ff:e2:34:3f:3e:00:02:00:00:ab:11:d0:41:1d:3d:7c:c7:78:2e] (08:00:27:20:8c:34)
00:02:06.890429 > ... found existing binding 10.0.2.15 to [ff:e2:34:3f:3e:00:02:00:00:ab:11:d0:41:1d:3d:7c:c7:78:2e] (08:00:27:20:8c:34), acked, valid from 2020-01-04T07:34:44Z for 600s until 2020-01-04T07:44:44Z
00:02:06.890436 Lease time 600 secs (default)
00:02:06.890440 >>> requested option 1 (SubnetMask)
00:02:06.890442 ... always supplied
00:02:06.890444 >>> requested option 3 (Routers)
00:02:06.890447 ... found in GlobalConfig (type global)
00:02:06.890449 >>> requested option 12 (HostName)
00:02:06.890451 ... not found
00:02:06.890453 >>> requested option 15 (DomainName)
00:02:06.890455 ... not found
00:02:06.890457 >>> requested option 6 (DNSes)
00:02:06.890459 ... found in GlobalConfig (type global)
00:02:06.890461 >>> requested option 26 (InterfaceMTU)
00:02:06.890463 ... not found
00:02:06.890465 >>> requested option 33 (StaticRoute)
00:02:06.890467 ... not found
00:02:06.890469 >>> requested option 121 (unknown)
00:02:06.890471 ... not found
00:02:06.890473 >>> requested option 42 (NTPServers)
00:02:06.890483 ... not found
00:02:06.890486 encoding option 1 (SubnetMask)
00:02:06.890488 encoding option 3 (Routers)
00:02:06.890490 encoding option 6 (DNSes)
00:02:06.890492 encoding option 51 (LeaseTime)
00:02:06.890494 OFFER xid 0xe4eccb99 chaddr 08:00:27:20:8c:34
00:02:06.890499  ciaddr 0.0.0.0 yiaddr 10.0.2.15
00:02:06.890504 encoded message: 548 bytes
00:02:06.890505 00007f0ee0002f70/0000: 02 01 06 00 99 cb ec e4-00 00 00 00 00 00 00 00 ................
00:02:06.890507 00007f0ee0002f80/0010: 0a 00 02 0f 00 00 00 00-00 00 00 00 08 00 27 20 ..............' 
00:02:06.890509 00007f0ee0002f90/0020: 8c 34 00 00 00 00 00 00-00 00 00 00 00 00 00 00 .4..............
00:02:06.890511 00007f0ee0002fa0/0030: 00 00 00 00 00 00 00 00-00 00 00 00 00 00 00 00 ................
00:02:06.890512 00007f0ee0002fb0/0040: 00 00 00 00 00 00 00 00-00 00 00 00 00 00 00 00 ................
00:02:06.890514 00007f0ee0002fc0/0050: 00 00 00 00 00 00 00 00-00 00 00 00 00 00 00 00 ................
00:02:06.890515 00007f0ee0002fd0/0060: 00 00 00 00 00 00 00 00-00 00 00 00 00 00 00 00 ................
00:02:06.890517 00007f0ee0002fe0/0070: 00 00 00 00 00 00 00 00-00 00 00 00 00 00 00 00 ................
00:02:06.890518 00007f0ee0002ff0/0080: 00 00 00 00 00 00 00 00-00 00 00 00 00 00 00 00 ................
00:02:06.890520 00007f0ee0003000/0090: 00 00 00 00 00 00 00 00-00 00 00 00 00 00 00 00 ................
00:02:06.890521 00007f0ee0003010/00a0: 00 00 00 00 00 00 00 00-00 00 00 00 00 00 00 00 ................
00:02:06.890523 00007f0ee0003020/00b0: 00 00 00 00 00 00 00 00-00 00 00 00 00 00 00 00 ................
00:02:06.890524 00007f0ee0003030/00c0: 00 00 00 00 00 00 00 00-00 00 00 00 00 00 00 00 ................
00:02:06.890526 00007f0ee0003040/00d0: 00 00 00 00 00 00 00 00-00 00 00 00 00 00 00 00 ................
00:02:06.890527 00007f0ee0003050/00e0: 00 00 00 00 00 00 00 00-00 00 00 00 63 82 53 63 ............c.Sc
00:02:06.890529 00007f0ee0003060/00f0: 36 04 0a 00 02 03 35 01-02 01 04 ff ff ff 00 03 6.....5.........
00:02:06.890531 00007f0ee0003070/0100: 04 0a 00 02 01 06 04 c0-a8 2b 17 33 04 00 00 02 .........+.3....
00:02:06.890532 00007f0ee0003080/0110: 58 ff 00 00 00 00 00 00-00 00 00 00 00 00 00 00 X...............
00:02:06.890534 00007f0ee0003090/0120: 00 00 00 00 00 00 00 00-00 00 00 00 00 00 00 00 ................
00:02:06.890535 00007f0ee00030a0/0130: 00 00 00 00 00 00 00 00-00 00 00 00 00 00 00 00 ................
00:02:06.890537 00007f0ee00030b0/0140: 00 00 00 00 00 00 00 00-00 00 00 00 00 00 00 00 ................
00:02:06.890538 00007f0ee00030c0/0150: 00 00 00 00 00 00 00 00-00 00 00 00 00 00 00 00 ................
00:02:06.890540 00007f0ee00030d0/0160: 00 00 00 00 00 00 00 00-00 00 00 00 00 00 00 00 ................
00:02:06.890541 00007f0ee00030e0/0170: 00 00 00 00 00 00 00 00-00 00 00 00 00 00 00 00 ................
00:02:06.890543 00007f0ee00030f0/0180: 00 00 00 00 00 00 00 00-00 00 00 00 00 00 00 00 ................
00:02:06.890544 00007f0ee0003100/0190: 00 00 00 00 00 00 00 00-00 00 00 00 00 00 00 00 ................
00:02:06.890546 00007f0ee0003110/01a0: 00 00 00 00 00 00 00 00-00 00 00 00 00 00 00 00 ................
00:02:06.890547 00007f0ee0003120/01b0: 00 00 00 00 00 00 00 00-00 00 00 00 00 00 00 00 ................
00:02:06.890549 00007f0ee0003130/01c0: 00 00 00 00 00 00 00 00-00 00 00 00 00 00 00 00 ................
00:02:06.890550 00007f0ee0003140/01d0: 00 00 00 00 00 00 00 00-00 00 00 00 00 00 00 00 ................
00:02:06.890552 00007f0ee0003150/01e0: 00 00 00 00 00 00 00 00-00 00 00 00 00 00 00 00 ................
00:02:06.890553 00007f0ee0003160/01f0: 00 00 00 00 00 00 00 00-00 00 00 00 00 00 00 00 ................
00:02:06.890555 00007f0ee0003170/0200: 00 00 00 00 00 00 00 00-00 00 00 00 00 00 00 00 ................
00:02:06.890556 00007f0ee0003180/0210: 00 00 00 00 00 00 00 00-00 00 00 00 00 00 00 00 ................
00:02:06.890558 00007f0ee0003190/0220: 00 00 00 00                                     ....
00:02:06.890948 REQUEST xid 0xe4eccb99 chaddr 08:00:27:20:8c:34
00:02:06.890959  ciaddr 0.0.0.0
00:02:06.890967  for server 10.0.2.3 client id: ff e2 34 3f 3e 00 02 00 00 ab 11 d0 41 1d 3d 7c c7 78 2e
00:02:06.890973  requested address 10.0.2.15
00:02:06.890977  params { 1 3 12 15 6 26 33 121 42 }
00:02:06.890993   12: 'lispmachine'
00:02:06.890995   54: 0a 00 02 03
00:02:06.890997   57: 02 40
00:02:06.890999 > allocateAddress 10.0.2.15 to client [ff:e2:34:3f:3e:00:02:00:00:ab:11:d0:41:1d:3d:7c:c7:78:2e] (08:00:27:20:8c:34)
00:02:06.891004 > ... found existing binding 10.0.2.15 to [ff:e2:34:3f:3e:00:02:00:00:ab:11:d0:41:1d:3d:7c:c7:78:2e] (08:00:27:20:8c:34), acked, valid from 2020-01-04T07:36:48Z for 600s until 2020-01-04T07:46:48Z
00:02:06.891010 Lease time 600 secs (default)
00:02:06.891013 writing leases to /home/abcdlsj/.config/VirtualBox/NatNetwork-Dhcpd.leases
00:02:06.891882 >>> requested option 1 (SubnetMask)
00:02:06.891887 ... always supplied
00:02:06.891889 >>> requested option 3 (Routers)
00:02:06.891890 ... found in GlobalConfig (type global)
00:02:06.891892 >>> requested option 12 (HostName)
00:02:06.891894 ... not found
00:02:06.891896 >>> requested option 15 (DomainName)
00:02:06.891897 ... not found
00:02:06.891899 >>> requested option 6 (DNSes)
00:02:06.891901 ... found in GlobalConfig (type global)
00:02:06.891903 >>> requested option 26 (InterfaceMTU)
00:02:06.891904 ... not found
00:02:06.891906 >>> requested option 33 (StaticRoute)
00:02:06.891908 ... not found
00:02:06.891909 >>> requested option 121 (unknown)
00:02:06.891911 ... not found
00:02:06.891912 >>> requested option 42 (NTPServers)
00:02:06.891914 ... not found
00:02:06.891917 encoding option 1 (SubnetMask)
00:02:06.891919 encoding option 3 (Routers)
00:02:06.891920 encoding option 6 (DNSes)
00:02:06.891922 encoding option 51 (LeaseTime)
00:02:06.891924 ACK xid 0xe4eccb99 chaddr 08:00:27:20:8c:34
00:02:06.891930  ciaddr 0.0.0.0 yiaddr 10.0.2.15
00:02:06.891935 encoded message: 548 bytes
00:02:06.891936 00007f0ee0002f70/0000: 02 01 06 00 99 cb ec e4-00 00 00 00 00 00 00 00 ................
00:02:06.891938 00007f0ee0002f80/0010: 0a 00 02 0f 00 00 00 00-00 00 00 00 08 00 27 20 ..............' 
00:02:06.891940 00007f0ee0002f90/0020: 8c 34 00 00 00 00 00 00-00 00 00 00 00 00 00 00 .4..............
00:02:06.891941 00007f0ee0002fa0/0030: 00 00 00 00 00 00 00 00-00 00 00 00 00 00 00 00 ................
00:02:06.891943 00007f0ee0002fb0/0040: 00 00 00 00 00 00 00 00-00 00 00 00 00 00 00 00 ................
00:02:06.891944 00007f0ee0002fc0/0050: 00 00 00 00 00 00 00 00-00 00 00 00 00 00 00 00 ................
00:02:06.891946 00007f0ee0002fd0/0060: 00 00 00 00 00 00 00 00-00 00 00 00 00 00 00 00 ................
00:02:06.891947 00007f0ee0002fe0/0070: 00 00 00 00 00 00 00 00-00 00 00 00 00 00 00 00 ................
00:02:06.891949 00007f0ee0002ff0/0080: 00 00 00 00 00 00 00 00-00 00 00 00 00 00 00 00 ................
00:02:06.891950 00007f0ee0003000/0090: 00 00 00 00 00 00 00 00-00 00 00 00 00 00 00 00 ................
00:02:06.891952 00007f0ee0003010/00a0: 00 00 00 00 00 00 00 00-00 00 00 00 00 00 00 00 ................
00:02:06.891953 00007f0ee0003020/00b0: 00 00 00 00 00 00 00 00-00 00 00 00 00 00 00 00 ................
00:02:06.891955 00007f0ee0003030/00c0: 00 00 00 00 00 00 00 00-00 00 00 00 00 00 00 00 ................
00:02:06.891956 00007f0ee0003040/00d0: 00 00 00 00 00 00 00 00-00 00 00 00 00 00 00 00 ................
00:02:06.891958 00007f0ee0003050/00e0: 00 00 00 00 00 00 00 00-00 00 00 00 63 82 53 63 ............c.Sc
00:02:06.891959 00007f0ee0003060/00f0: 36 04 0a 00 02 03 35 01-05 01 04 ff ff ff 00 03 6.....5.........
00:02:06.891961 00007f0ee0003070/0100: 04 0a 00 02 01 06 04 c0-a8 2b 17 33 04 00 00 02 .........+.3....
00:02:06.891963 00007f0ee0003080/0110: 58 ff 00 00 00 00 00 00-00 00 00 00 00 00 00 00 X...............
00:02:06.891964 00007f0ee0003090/0120: 00 00 00 00 00 00 00 00-00 00 00 00 00 00 00 00 ................
00:02:06.891966 00007f0ee00030a0/0130: 00 00 00 00 00 00 00 00-00 00 00 00 00 00 00 00 ................
00:02:06.891967 00007f0ee00030b0/0140: 00 00 00 00 00 00 00 00-00 00 00 00 00 00 00 00 ................
00:02:06.891969 00007f0ee00030c0/0150: 00 00 00 00 00 00 00 00-00 00 00 00 00 00 00 00 ................
00:02:06.891970 00007f0ee00030d0/0160: 00 00 00 00 00 00 00 00-00 00 00 00 00 00 00 00 ................
00:02:06.891972 00007f0ee00030e0/0170: 00 00 00 00 00 00 00 00-00 00 00 00 00 00 00 00 ................
00:02:06.891973 00007f0ee00030f0/0180: 00 00 00 00 00 00 00 00-00 00 00 00 00 00 00 00 ................
00:02:06.891975 00007f0ee0003100/0190: 00 00 00 00 00 00 00 00-00 00 00 00 00 00 00 00 ................
00:02:06.891976 00007f0ee0003110/01a0: 00 00 00 00 00 00 00 00-00 00 00 00 00 00 00 00 ................
00:02:06.891978 00007f0ee0003120/01b0: 00 00 00 00 00 00 00 00-00 00 00 00 00 00 00 00 ................
00:02:06.891979 00007f0ee0003130/01c0: 00 00 00 00 00 00 00 00-00 00 00 00 00 00 00 00 ................
00:02:06.891981 00007f0ee0003140/01d0: 00 00 00 00 00 00 00 00-00 00 00 00 00 00 00 00 ................
00:02:06.891982 00007f0ee0003150/01e0: 00 00 00 00 00 00 00 00-00 00 00 00 00 00 00 00 ................
00:02:06.891984 00007f0ee0003160/01f0: 00 00 00 00 00 00 00 00-00 00 00 00 00 00 00 00 ................
00:02:06.891985 00007f0ee0003170/0200: 00 00 00 00 00 00 00 00-00 00 00 00 00 00 00 00 ................
00:02:06.891987 00007f0ee0003180/0210: 00 00 00 00 00 00 00 00-00 00 00 00 00 00 00 00 ................
00:02:06.891988 00007f0ee0003190/0220: 00 00 00 00                                     ....
