00:00:00.302709 VirtualBox GUI VM Selector Window 6.1.0 r135406 linux.amd64 (Dec 12 2019 21:11:25) release log
00:00:00.302712 Log opened 2020-01-07T14:12:31.534903000Z
00:00:00.302713 Build Type: release
00:00:00.302716 OS Product: Linux
00:00:00.302718 OS Release: 4.19.92-1-lts
00:00:00.302720 OS Version: #1 SMP Tue, 31 Dec 2019 17:20:08 +0000
00:00:00.302743 DMI Product Name: W65KJ1_KK1             
00:00:00.302753 DMI Product Version: Not Applicable                  
00:00:00.302760 Firmware type: UEFI
00:00:00.303429 Secure Boot: Disabled
00:00:00.303481 Host RAM: 15929MB (15.5GB) total, 14140MB (13.8GB) available
00:00:00.303485 Executable: /usr/lib/virtualbox/VirtualBox
00:00:00.303486 Process ID: 58296
00:00:00.303487 Package type: LINUX_64BITS_GENERIC (OSE)
00:00:00.303520 Qt version: 5.13.2
00:00:00.336668 GUI: UIMediumEnumerator: Medium-enumeration started...
00:00:00.649616 GUI: UIDesktopWidgetWatchdog::sltHandleHostScreenAvailableGeometryCalculated: Screen 0 work area is actually resized to: 2630x625 x 75x50
00:00:00.765158 GUI: UIMediumEnumerator: Medium-enumeration finished!
00:00:04.812127 GUI: UIInvisibleWindow::sltFallback: Move event haven't came. Screen: 1, work area: 2639x629 x 75x50
00:00:04.812159 GUI: UIDesktopWidgetWatchdog::sltHandleHostScreenAvailableGeometryCalculated: Screen 1 work area is actually resized to: 2639x629 x 75x50
00:00:23.619794 GUI: UIInvisibleWindow::sltFallback: Move event haven't came. Screen: 0, work area: 959x539 x 75x50
00:00:23.619820 GUI: UIDesktopWidgetWatchdog::sltHandleHostScreenAvailableGeometryCalculated: Screen 0 work area is actually resized to: 959x539 x 75x50
