00:00:00.000896 main     VirtualBox XPCOM Server 6.1.0 r135406 linux.amd64 (Dec 12 2019 21:11:25) release log
00:00:00.000897 main     Log opened 2020-01-07T14:12:31.333849000Z
00:00:00.000898 main     Build Type: release
00:00:00.000899 main     OS Product: Linux
00:00:00.000900 main     OS Release: 4.19.92-1-lts
00:00:00.000901 main     OS Version: #1 SMP Tue, 31 Dec 2019 17:20:08 +0000
00:00:00.000914 main     DMI Product Name: W65KJ1_KK1             
00:00:00.000920 main     DMI Product Version: Not Applicable                  
00:00:00.000923 main     Firmware type: UEFI
00:00:00.001566 main     Secure Boot: Disabled
00:00:00.001591 main     Host RAM: 15929MB (15.5GB) total, 14142MB (13.8GB) available
00:00:00.001594 main     Executable: /usr/lib/virtualbox/VBoxSVC
00:00:00.001594 main     Process ID: 58322
00:00:00.001594 main     Package type: LINUX_64BITS_GENERIC (OSE)
00:00:00.002859 main     IPC socket path: /tmp/.vbox-abcdlsj-ipc/ipcd
00:00:00.108630 nspr-2   VirtualBox: object creation starts
00:00:00.108711 nspr-2   Home directory: '/home/abcdlsj/.config/VirtualBox'
00:00:00.109006 nspr-2   Loading settings file "/home/abcdlsj/.config/VirtualBox/VirtualBox.xml" with version "1.14-linux"
00:00:00.118727 nspr-2   NetIfAdpCtlOut: VBoxNetAdpCtl: Error while retrieving link speed for enp0s20f0u1: VBoxNetAdpCtl: ioctl failed: Operation not supported
00:00:00.127590 nspr-2   HostDnsMonitor: initializing
00:00:00.127843 nspr-2   NAT: resolv.conf: nameserver 192.168.42.129
00:00:00.127865 nspr-2   HostDnsMonitor: updating information
00:00:00.127885 nspr-2   HostDnsMonitor: old information
00:00:00.127889 nspr-2     no server entries
00:00:00.127893 nspr-2     no domain set
00:00:00.127896 nspr-2     no search string entries
00:00:00.127900 nspr-2   HostDnsMonitor: new information
00:00:00.127903 nspr-2     server 1: 192.168.42.129
00:00:00.127907 nspr-2     no domain set
00:00:00.127911 nspr-2     no search string entries
00:00:00.131746 nspr-2   VD: VDInit finished with VINF_SUCCESS
00:00:00.132193 nspr-2   ERROR [COM]: aRC=NS_ERROR_FAILURE (0x80004005) aIID={027bc463-929c-40e8-bf16-fea557cd8e7e} aComponent={SystemPropertiesWrap} aText={Cannot determine default Guest Additions ISO location. Most likely they are not available}, preserve=false aResultDetail=0
00:00:00.138738 nspr-2   Loading settings file "/home/abcdlsj/VirtualBox VMs/lispmachine/lispmachine.vbox" with version "1.17-linux"
00:00:00.140061 nspr-2   VirtualBox: object created
00:00:00.663007 nspr-3   WARNING [COM]: aRC=NS_ERROR_FAILURE (0x80004005) aIID={16ced992-5fdc-4aba-aff5-6a39bbd7c38b} aComponent={HostWrap} aText={VirtualBox is not currently allowed to access USB devices.  You can change this by adding your user to the 'vboxusers' group.  Please see the user manual for a more detailed explanation}, preserve=true  aResultDetail=0
00:00:00.737422 nspr-2   WARNING [COM]: aRC=NS_ERROR_FAILURE (0x80004005) aIID={16ced992-5fdc-4aba-aff5-6a39bbd7c38b} aComponent={HostWrap} aText={VirtualBox is not currently allowed to access USB devices.  You can change this by adding your user to the 'vboxusers' group.  Please see the user manual for a more detailed explanation}, preserve=true  aResultDetail=0
00:00:00.738861 nspr-2   WARNING [COM]: aRC=NS_ERROR_FAILURE (0x80004005) aIID={16ced992-5fdc-4aba-aff5-6a39bbd7c38b} aComponent={HostWrap} aText={VirtualBox is not currently allowed to access USB devices.  You can change this by adding your user to the 'vboxusers' group.  Please see the user manual for a more detailed explanation}, preserve=true  aResultDetail=0
00:00:03.821989 nspr-3   Saving settings file "/home/abcdlsj/.config/VirtualBox/VirtualBox.xml" with version "1.14-linux"
00:00:03.826445 nspr-2   Saving settings file "/home/abcdlsj/.config/VirtualBox/VirtualBox.xml" with version "1.14-linux"
00:12:13.314347 nspr-3   Saving settings file "/home/abcdlsj/.config/VirtualBox/VirtualBox.xml" with version "1.14-linux"
00:12:13.318712 nspr-2   Saving settings file "/home/abcdlsj/.config/VirtualBox/VirtualBox.xml" with version "1.14-linux"
00:12:18.829574 main     VirtualBox: object deletion starts
00:12:18.829633 main     ERROR [COM]: aRC=VBOX_E_OBJECT_IN_USE (0x80bb000c) aIID={ad47ad09-787b-44ab-b343-a082a3f2dfb1} aComponent={MediumWrap} aText={Medium '/home/abcdlsj/VirtualBox VMs/lispmachine/lispmachine.vdi' cannot be closed because it is still attached to 1 virtual machines}, preserve=false aResultDetail=0
00:12:18.830058 main     HostDnsMonitor: shutting down ...
00:12:18.830346 main     HostDnsMonitor: shut down
00:12:19.306534 Watcher  ERROR [COM]: aRC=E_ACCESSDENIED (0x80070005) aIID={d0a0163f-e254-4e5b-a1f2-011cf991c38d} aComponent={VirtualBoxWrap} aText={The object is not ready}, preserve=false aResultDetail=0
00:12:23.830496 main     {00007f324c020900} HostPowerServiceLinux::~HostPowerServiceLinux: RTThreadWait() for 5000 ms failed with VERR_TIMEOUT
00:12:23.830900 main     VirtualBox: object deleted
