[2019-10-18 17:06:55.206] [exthost] [info] extension host started
[2019-10-18 17:06:55.217] [exthost] [info] ExtensionService#_doActivateExtension vscode.debug-auto-launch {"startup":true,"activationEvent":"*"}
[2019-10-18 17:06:55.217] [exthost] [info] ExtensionService#loadCommonJSModule file:///usr/lib/code/extensions/debug-auto-launch/dist/extension
[2019-10-18 17:06:55.223] [exthost] [info] ExtensionService#_doActivateExtension vscode.emmet {"startup":true,"activationEvent":"*"}
[2019-10-18 17:06:55.223] [exthost] [info] ExtensionService#loadCommonJSModule file:///usr/lib/code/extensions/emmet/dist/extension
[2019-10-18 17:06:55.262] [exthost] [info] ExtensionService#_doActivateExtension vscode.git {"startup":true,"activationEvent":"*"}
[2019-10-18 17:06:55.262] [exthost] [info] ExtensionService#loadCommonJSModule file:///usr/lib/code/extensions/git/dist/main
[2019-10-18 17:06:55.341] [exthost] [info] ExtensionService#_doActivateExtension vscode.merge-conflict {"startup":true,"activationEvent":"*"}
[2019-10-18 17:06:55.341] [exthost] [info] ExtensionService#loadCommonJSModule file:///usr/lib/code/extensions/merge-conflict/dist/extension
[2019-10-18 17:06:55.345] [exthost] [info] ExtensionService#_doActivateExtension vscode-icons-team.vscode-icons {"startup":true,"activationEvent":"*"}
[2019-10-18 17:06:55.345] [exthost] [info] ExtensionService#loadCommonJSModule file:///home/abcdlsj/.vscode-oss/extensions/vscode-icons-team.vscode-icons-9.4.0/dist/src/vscode-icons.bundle.js
[2019-10-18 17:06:55.424] [exthost] [info] eager extensions activated
[2019-10-18 17:08:53.975] [exthost] [info] ExtensionService#_doActivateExtension vscodevim.vim {"startup":false,"activationEvent":"*"}
[2019-10-18 17:08:53.975] [exthost] [info] ExtensionService#loadCommonJSModule file:///home/abcdlsj/.vscode-oss/extensions/vscodevim.vim-1.11.2/out/extension
[2019-10-18 17:09:22.008] [exthost] [info] extension host started
[2019-10-18 17:09:22.012] [exthost] [info] ExtensionService#_doActivateExtension vscode.debug-auto-launch {"startup":true,"activationEvent":"*"}
[2019-10-18 17:09:22.012] [exthost] [info] ExtensionService#loadCommonJSModule file:///usr/lib/code/extensions/debug-auto-launch/dist/extension
[2019-10-18 17:09:22.015] [exthost] [info] ExtensionService#_doActivateExtension vscode.emmet {"startup":true,"activationEvent":"*"}
[2019-10-18 17:09:22.015] [exthost] [info] ExtensionService#loadCommonJSModule file:///usr/lib/code/extensions/emmet/dist/extension
[2019-10-18 17:09:22.048] [exthost] [info] ExtensionService#_doActivateExtension vscode.git {"startup":true,"activationEvent":"*"}
[2019-10-18 17:09:22.048] [exthost] [info] ExtensionService#loadCommonJSModule file:///usr/lib/code/extensions/git/dist/main
[2019-10-18 17:09:22.120] [exthost] [info] ExtensionService#_doActivateExtension vscode.merge-conflict {"startup":true,"activationEvent":"*"}
[2019-10-18 17:09:22.120] [exthost] [info] ExtensionService#loadCommonJSModule file:///usr/lib/code/extensions/merge-conflict/dist/extension
[2019-10-18 17:09:22.124] [exthost] [info] ExtensionService#_doActivateExtension vscode-icons-team.vscode-icons {"startup":true,"activationEvent":"*"}
[2019-10-18 17:09:22.124] [exthost] [info] ExtensionService#loadCommonJSModule file:///home/abcdlsj/.vscode-oss/extensions/vscode-icons-team.vscode-icons-9.4.0/dist/src/vscode-icons.bundle.js
[2019-10-18 17:09:22.205] [exthost] [info] ExtensionService#_doActivateExtension vscodevim.vim {"startup":true,"activationEvent":"*"}
[2019-10-18 17:09:22.205] [exthost] [info] ExtensionService#loadCommonJSModule file:///home/abcdlsj/.vscode-oss/extensions/vscodevim.vim-1.11.2/out/extension
[2019-10-18 17:09:22.340] [exthost] [info] eager extensions activated
[2019-10-18 17:09:56.454] [exthost] [info] ExtensionService#_doActivateExtension vscode.configuration-editing {"startup":false,"activationEvent":"onLanguage:jsonc"}
[2019-10-18 17:09:56.454] [exthost] [info] ExtensionService#loadCommonJSModule file:///usr/lib/code/extensions/configuration-editing/dist/extension
[2019-10-18 17:09:56.461] [exthost] [info] ExtensionService#_doActivateExtension vscode.json-language-features {"startup":false,"activationEvent":"onLanguage:jsonc"}
[2019-10-18 17:09:56.461] [exthost] [info] ExtensionService#loadCommonJSModule file:///usr/lib/code/extensions/json-language-features/client/dist/jsonMain
[2019-10-18 17:09:56.519] [exthost] [info] ExtensionService#_doActivateExtension vscode.typescript-language-features {"startup":false,"activationEvent":"onLanguage:jsonc"}
[2019-10-18 17:09:56.519] [exthost] [info] ExtensionService#loadCommonJSModule file:///usr/lib/code/extensions/typescript-language-features/dist/extension
